{
"/Users/Mono/Work/private/beuth-hapi-restful-api/src/controllers/base.controller.js":{"path":"/Users/Mono/Work/private/beuth-hapi-restful-api/src/controllers/base.controller.js","s":{"18":1,"25":1,"26":1,"27":8,"29":8,"30":8,"32":3,"33":2,"34":1},"f":{"7":8,"8":3},"l":{"1":1,"13":1,"20":8,"21":8,"22":8,"36":3,"37":2,"40":1},"b":{"8":[3,5],"9":[8,5],"10":[2,1],"11":[3,1,2]},"statementMap":{"18":{"start":{"line":1,"column":0},"end":{"line":null,"column":null}},"25":{"start":{"line":13,"column":14},"end":{"line":null,"column":null}},"26":{"start":{"line":20,"column":32},"end":{"line":null,"column":null}},"27":{"start":{"line":20,"column":14},"end":{"line":null,"column":null}},"29":{"start":{"line":21,"column":9},"end":{"line":null,"column":null}},"30":{"start":{"line":22,"column":9},"end":{"line":null,"column":null}},"32":{"start":{"line":36,"column":9},"end":{"line":null,"column":null}},"33":{"start":{"line":37,"column":12},"end":{"line":null,"column":null}},"34":{"start":{"line":40,"column":12},"end":{"line":null,"column":null}}},"fnMap":{"7":{"name":"BaseController","line":20,"loc":{"start":{"line":20,"column":32},"end":{"line":20,"column":32}}},"8":{"name":"replyOnResponse","line":35,"loc":{"start":{"line":35,"column":18},"end":{"line":35,"column":35}}}},"branchMap":{"8":{"line":20,"type":"cond-expr","locations":[{"start":{"line":20,"column":28},"end":{"line":20,"column":32}},{"start":{"line":0,"column":0},"end":{"line":0,"column":0},"skip":true}]},"9":{"line":20,"type":"binary-expr","locations":[{"start":{"line":20,"column":28},"end":{"line":20,"column":28}},{"start":{"line":20,"column":28},"end":{"line":20,"column":28}}]},"10":{"line":36,"type":"if","locations":[{"start":{"line":36,"column":9},"end":{"line":36,"column":9}},{"start":{"line":36,"column":9},"end":{"line":36,"column":9}}]},"11":{"line":36,"type":"binary-expr","locations":[{"start":{"line":36,"column":9},"end":{"line":36,"column":36}},{"start":{"line":36,"column":36},"end":{"line":36,"column":8}},{"start":{"line":36,"column":56},"end":{"line":36,"column":4}}]}}},
"/Users/Mono/Work/private/beuth-hapi-restful-api/src/controllers/main.controller.js":{"path":"/Users/Mono/Work/private/beuth-hapi-restful-api/src/controllers/main.controller.js","s":{"18":1,"22":1,"23":1,"25":3,"27":1},"f":{"6":3,"7":1},"l":{"1":1,"7":1,"12":1,"13":3,"20":1},"b":{},"statementMap":{"18":{"start":{"line":1,"column":0},"end":{"line":null,"column":null}},"22":{"start":{"line":7,"column":13},"end":{"line":null,"column":null}},"23":{"start":{"line":12,"column":16},"end":{"line":null,"column":null}},"25":{"start":{"line":13,"column":9},"end":{"line":null,"column":null}},"27":{"start":{"line":20,"column":9},"end":{"line":null,"column":null}}},"fnMap":{"6":{"name":"MainController","line":12,"loc":{"start":{"line":12,"column":16},"end":{"line":12,"column":16}}},"7":{"name":"healthcheck","line":19,"loc":{"start":{"line":19,"column":14},"end":{"line":19,"column":30}}}},"branchMap":{}},
"/Users/Mono/Work/private/beuth-hapi-restful-api/src/models/Main.js":{"path":"/Users/Mono/Work/private/beuth-hapi-restful-api/src/models/Main.js","s":{"18":1,"19":1,"20":1,"44":1,"46":1,"48":6,"51":2,"52":2,"53":2,"54":1,"55":1,"56":1,"57":1,"58":1,"59":2},"f":{"9":6,"10":2,"11":1,"12":1},"l":{"1":1,"2":1,"7":1,"12":1,"13":6,"22":2,"23":2,"30":2,"33":1,"34":1,"39":1,"42":1,"47":1,"50":2},"b":{},"statementMap":{"18":{"start":{"line":1,"column":0},"end":{"line":null,"column":null}},"19":{"start":{"line":1,"column":12},"end":{"line":null,"column":null}},"20":{"start":{"line":2,"column":0},"end":{"line":null,"column":null}},"44":{"start":{"line":7,"column":13},"end":{"line":null,"column":null}},"46":{"start":{"line":12,"column":16},"end":{"line":null,"column":null}},"48":{"start":{"line":13,"column":10},"end":{"line":null,"column":null}},"51":{"start":{"line":22,"column":8},"end":{"line":null,"column":null}},"52":{"start":{"line":23,"column":8},"end":{"line":null,"column":null}},"53":{"start":{"line":30,"column":9},"end":{"line":null,"column":null}},"54":{"start":{"line":33,"column":17},"end":{"line":null,"column":null}},"55":{"start":{"line":34,"column":17},"end":{"line":null,"column":null}},"56":{"start":{"line":39,"column":17},"end":{"line":null,"column":null}},"57":{"start":{"line":42,"column":17},"end":{"line":null,"column":null}},"58":{"start":{"line":47,"column":17},"end":{"line":null,"column":null}},"59":{"start":{"line":50,"column":11},"end":{"line":null,"column":null}}},"fnMap":{"9":{"name":"Main","line":12,"loc":{"start":{"line":12,"column":16},"end":{"line":12,"column":16}}},"10":{"name":"doHealthcheck","line":21,"loc":{"start":{"line":21,"column":18},"end":{"line":21,"column":18}}},"11":{"name":"(anonymous_11)","line":31,"loc":{"start":{"line":31,"column":12},"end":{"line":31,"column":18}}},"12":{"name":"(anonymous_12)","line":41,"loc":{"start":{"line":41,"column":13},"end":{"line":41,"column":19}}}},"branchMap":{}},
"/Users/Mono/Work/private/beuth-hapi-restful-api/src/models/BaseModel.RDMS.js":{"path":"/Users/Mono/Work/private/beuth-hapi-restful-api/src/models/BaseModel.RDMS.js","s":{"18":1,"20":1,"27":1,"28":1,"29":24,"31":24,"32":1,"33":23,"34":23,"35":23,"36":23,"38":1,"39":3,"40":1,"41":2,"42":2,"43":4,"44":3,"45":4,"46":4,"47":3,"48":1,"50":2,"51":1,"52":2,"53":2,"54":1,"55":1,"56":2,"57":1,"58":1,"59":4,"60":4,"61":4,"62":4,"63":3,"64":4,"65":4},"f":{"7":24,"8":1,"9":3,"10":2,"11":4,"12":2,"13":2,"14":1,"15":1,"16":2,"17":4},"l":{"1":1,"2":1,"28":1,"38":24,"39":24,"40":1,"43":23,"44":23,"45":23,"46":23,"55":1,"68":3,"69":1,"72":2,"83":2,"96":4,"97":3,"100":4,"102":4,"104":3,"107":1,"121":2,"122":1,"125":2,"128":2,"140":1,"155":1,"164":2,"165":1,"168":1,"187":4,"188":4,"189":4,"191":4,"192":3,"195":4,"196":4},"b":{"8":[23,1],"9":[24,1],"10":[1,23],"11":[1,2],"12":[3,1],"13":[3,1],"14":[1,1],"15":[1,1],"16":[3,1],"17":[4,1],"18":[3,1]},"statementMap":{"18":{"start":{"line":1,"column":0},"end":{"line":null,"column":null}},"20":{"start":{"line":2,"column":0},"end":{"line":null,"column":null}},"27":{"start":{"line":28,"column":13},"end":{"line":null,"column":null}},"28":{"start":{"line":38,"column":14},"end":{"line":null,"column":null}},"29":{"start":{"line":38,"column":25},"end":{"line":null,"column":null}},"31":{"start":{"line":39,"column":8},"end":{"line":null,"column":null}},"32":{"start":{"line":40,"column":12},"end":{"line":null,"column":null}},"33":{"start":{"line":43,"column":9},"end":{"line":null,"column":null}},"34":{"start":{"line":44,"column":9},"end":{"line":null,"column":null}},"35":{"start":{"line":45,"column":9},"end":{"line":null,"column":null}},"36":{"start":{"line":46,"column":9},"end":{"line":null,"column":null}},"38":{"start":{"line":55,"column":11},"end":{"line":null,"column":null}},"39":{"start":{"line":68,"column":8},"end":{"line":null,"column":null}},"40":{"start":{"line":69,"column":13},"end":{"line":null,"column":null}},"41":{"start":{"line":72,"column":11},"end":{"line":null,"column":null}},"42":{"start":{"line":83,"column":11},"end":{"line":null,"column":null}},"43":{"start":{"line":96,"column":8},"end":{"line":null,"column":null}},"44":{"start":{"line":97,"column":13},"end":{"line":null,"column":null}},"45":{"start":{"line":100,"column":8},"end":{"line":null,"column":null}},"46":{"start":{"line":102,"column":8},"end":{"line":null,"column":null}},"47":{"start":{"line":104,"column":13},"end":{"line":null,"column":null}},"48":{"start":{"line":107,"column":11},"end":{"line":null,"column":null}},"50":{"start":{"line":121,"column":8},"end":{"line":null,"column":null}},"51":{"start":{"line":122,"column":13},"end":{"line":null,"column":null}},"52":{"start":{"line":125,"column":11},"end":{"line":null,"column":null}},"53":{"start":{"line":128,"column":18},"end":{"line":null,"column":null}},"54":{"start":{"line":140,"column":11},"end":{"line":null,"column":null}},"55":{"start":{"line":155,"column":11},"end":{"line":null,"column":null}},"56":{"start":{"line":164,"column":8},"end":{"line":null,"column":null}},"57":{"start":{"line":165,"column":13},"end":{"line":null,"column":null}},"58":{"start":{"line":168,"column":11},"end":{"line":null,"column":null}},"59":{"start":{"line":187,"column":23},"end":{"line":null,"column":null}},"60":{"start":{"line":188,"column":8},"end":{"line":null,"column":null}},"61":{"start":{"line":189,"column":8},"end":{"line":null,"column":null}},"62":{"start":{"line":191,"column":8},"end":{"line":null,"column":null}},"63":{"start":{"line":192,"column":14},"end":{"line":null,"column":null}},"64":{"start":{"line":195,"column":12},"end":{"line":null,"column":null}},"65":{"start":{"line":196,"column":11},"end":{"line":null,"column":null}}},"fnMap":{"7":{"name":"BaseModelRDMS","line":38,"loc":{"start":{"line":38,"column":14},"end":{"line":38,"column":47}}},"8":{"name":"findAll","line":54,"loc":{"start":{"line":54,"column":12},"end":{"line":54,"column":12}}},"9":{"name":"findBy","line":67,"loc":{"start":{"line":67,"column":9},"end":{"line":67,"column":23}}},"10":{"name":"findById","line":82,"loc":{"start":{"line":82,"column":11},"end":{"line":82,"column":15}}},"11":{"name":"save","line":95,"loc":{"start":{"line":95,"column":7},"end":{"line":95,"column":13}}},"12":{"name":"update","line":120,"loc":{"start":{"line":120,"column":9},"end":{"line":120,"column":19}}},"13":{"name":"(anonymous_13)","line":128,"loc":{"start":{"line":128,"column":12},"end":{"line":null,"column":null}}},"14":{"name":"remove","line":139,"loc":{"start":{"line":139,"column":9},"end":{"line":139,"column":13}}},"15":{"name":"del","line":154,"loc":{"start":{"line":154,"column":6},"end":{"line":154,"column":10}}},"16":{"name":"now","line":163,"loc":{"start":{"line":163,"column":8},"end":{"line":163,"column":8}}},"17":{"name":"_setTimestamps","line":187,"loc":{"start":{"line":187,"column":17},"end":{"line":187,"column":44}}}},"branchMap":{"8":{"line":38,"type":"cond-expr","locations":[{"start":{"line":38,"column":41},"end":{"line":38,"column":47}},{"start":{"line":0,"column":0},"end":{"line":0,"column":0},"skip":true}]},"9":{"line":38,"type":"binary-expr","locations":[{"start":{"line":38,"column":41},"end":{"line":38,"column":41}},{"start":{"line":38,"column":41},"end":{"line":38,"column":41}}]},"10":{"line":39,"type":"if","locations":[{"start":{"line":39,"column":8},"end":{"line":39,"column":8}},{"start":{"line":39,"column":8},"end":{"line":39,"column":8}}]},"11":{"line":68,"type":"if","locations":[{"start":{"line":68,"column":8},"end":{"line":68,"column":8}},{"start":{"line":68,"column":8},"end":{"line":68,"column":8}}]},"12":{"line":96,"type":"if","locations":[{"start":{"line":96,"column":8},"end":{"line":96,"column":8}},{"start":{"line":96,"column":8},"end":{"line":96,"column":8}}]},"13":{"line":102,"type":"if","locations":[{"start":{"line":102,"column":8},"end":{"line":102,"column":8}},{"start":{"line":102,"column":8},"end":{"line":102,"column":8}}]},"14":{"line":121,"type":"if","locations":[{"start":{"line":121,"column":8},"end":{"line":121,"column":8}},{"start":{"line":121,"column":8},"end":{"line":121,"column":8}}]},"15":{"line":164,"type":"if","locations":[{"start":{"line":164,"column":8},"end":{"line":164,"column":8}},{"start":{"line":164,"column":8},"end":{"line":164,"column":8}}]},"16":{"line":187,"type":"cond-expr","locations":[{"start":{"line":187,"column":38},"end":{"line":187,"column":44}},{"start":{"line":0,"column":0},"end":{"line":0,"column":0},"skip":true}]},"17":{"line":187,"type":"binary-expr","locations":[{"start":{"line":187,"column":38},"end":{"line":187,"column":38}},{"start":{"line":187,"column":38},"end":{"line":187,"column":38}}]},"18":{"line":191,"type":"if","locations":[{"start":{"line":191,"column":8},"end":{"line":191,"column":8}},{"start":{"line":191,"column":8},"end":{"line":191,"column":8}}]}}},
"/Users/Mono/Work/private/beuth-hapi-restful-api/src/controllers/todo_lists.controller.js":{"path":"/Users/Mono/Work/private/beuth-hapi-restful-api/src/controllers/todo_lists.controller.js","s":{"3":1,"4":1,"18":1},"f":{},"l":{"1":1,"2":1,"8":1},"b":{},"statementMap":{"3":{"start":{"line":1,"column":0},"end":{"line":null,"column":null}},"4":{"start":{"line":2,"column":0},"end":{"line":null,"column":null}},"18":{"start":{"line":8,"column":13},"end":{"line":null,"column":null}}},"fnMap":{},"branchMap":{}},
"/Users/Mono/Work/private/beuth-hapi-restful-api/src/models/ToDoList.js":{"path":"/Users/Mono/Work/private/beuth-hapi-restful-api/src/models/ToDoList.js","s":{"3":1,"4":1,"18":1},"f":{},"l":{"1":1,"2":1,"8":1},"b":{},"statementMap":{"3":{"start":{"line":1,"column":0},"end":{"line":null,"column":null}},"4":{"start":{"line":2,"column":0},"end":{"line":null,"column":null}},"18":{"start":{"line":8,"column":13},"end":{"line":null,"column":null}}},"fnMap":{},"branchMap":{}},
"/Users/Mono/Work/private/beuth-hapi-restful-api/src/models/ToDo.js":{"path":"/Users/Mono/Work/private/beuth-hapi-restful-api/src/models/ToDo.js","s":{"3":1,"17":1},"f":{},"l":{"1":1,"7":1},"b":{},"statementMap":{"3":{"start":{"line":1,"column":0},"end":{"line":null,"column":null}},"17":{"start":{"line":7,"column":13},"end":{"line":null,"column":null}}},"fnMap":{},"branchMap":{}},
"/Users/Mono/Work/private/beuth-hapi-restful-api/src/controllers/todos.controller.js":{"path":"/Users/Mono/Work/private/beuth-hapi-restful-api/src/controllers/todos.controller.js","s":{"3":1,"4":1,"18":1},"f":{},"l":{"1":1,"2":1,"8":1},"b":{},"statementMap":{"3":{"start":{"line":1,"column":0},"end":{"line":null,"column":null}},"4":{"start":{"line":2,"column":0},"end":{"line":null,"column":null}},"18":{"start":{"line":8,"column":13},"end":{"line":null,"column":null}}},"fnMap":{},"branchMap":{}},
"/Users/Mono/Work/private/beuth-hapi-restful-api/src/routes/base.routes.js":{"path":"/Users/Mono/Work/private/beuth-hapi-restful-api/src/routes/base.routes.js","s":{"18":1,"19":1,"33":1,"34":1,"35":13,"37":13,"38":1,"39":12,"40":12,"41":12,"43":2,"44":1,"45":1,"46":1,"47":1,"48":1,"49":1,"50":1,"51":1,"52":1,"53":6,"54":1},"f":{"7":13,"8":2,"9":1,"10":1,"11":1,"12":1,"13":6},"l":{"1":1,"23":1,"33":13,"34":13,"35":1,"38":12,"39":12,"40":12,"49":2,"51":1,"68":1,"70":1,"92":1,"94":1,"114":1,"116":1,"140":1,"142":1,"166":6,"167":1},"b":{"10":[3,10],"11":[13,10],"12":[1,12],"13":[1,5]},"statementMap":{"18":{"start":{"line":1,"column":0},"end":{"line":null,"column":null}},"19":{"start":{"line":1,"column":12},"end":{"line":null,"column":null}},"33":{"start":{"line":23,"column":13},"end":{"line":null,"column":null}},"34":{"start":{"line":33,"column":14},"end":{"line":null,"column":null}},"35":{"start":{"line":33,"column":26},"end":{"line":null,"column":null}},"37":{"start":{"line":34,"column":8},"end":{"line":null,"column":null}},"38":{"start":{"line":35,"column":12},"end":{"line":null,"column":null}},"39":{"start":{"line":38,"column":9},"end":{"line":null,"column":null}},"40":{"start":{"line":39,"column":9},"end":{"line":null,"column":null}},"41":{"start":{"line":40,"column":9},"end":{"line":null,"column":null}},"43":{"start":{"line":49,"column":9},"end":{"line":null,"column":null}},"44":{"start":{"line":51,"column":11},"end":{"line":null,"column":null}},"45":{"start":{"line":68,"column":9},"end":{"line":null,"column":null}},"46":{"start":{"line":70,"column":11},"end":{"line":null,"column":null}},"47":{"start":{"line":92,"column":9},"end":{"line":null,"column":null}},"48":{"start":{"line":94,"column":11},"end":{"line":null,"column":null}},"49":{"start":{"line":114,"column":9},"end":{"line":null,"column":null}},"50":{"start":{"line":116,"column":11},"end":{"line":null,"column":null}},"51":{"start":{"line":140,"column":9},"end":{"line":null,"column":null}},"52":{"start":{"line":142,"column":11},"end":{"line":null,"column":null}},"53":{"start":{"line":166,"column":8},"end":{"line":null,"column":null}},"54":{"start":{"line":167,"column":12},"end":{"line":null,"column":null}}},"fnMap":{"7":{"name":"BaseRoutes","line":33,"loc":{"start":{"line":33,"column":14},"end":{"line":33,"column":41}}},"8":{"name":"index","line":48,"loc":{"start":{"line":48,"column":10},"end":{"line":48,"column":10}}},"9":{"name":"view","line":67,"loc":{"start":{"line":67,"column":9},"end":{"line":67,"column":9}}},"10":{"name":"create","line":91,"loc":{"start":{"line":91,"column":11},"end":{"line":91,"column":11}}},"11":{"name":"update","line":113,"loc":{"start":{"line":113,"column":11},"end":{"line":113,"column":11}}},"12":{"name":"remove","line":139,"loc":{"start":{"line":139,"column":11},"end":{"line":139,"column":11}}},"13":{"name":"_validateControllerHandler","line":165,"loc":{"start":{"line":165,"column":29},"end":{"line":165,"column":38}}}},"branchMap":{"10":{"line":33,"type":"cond-expr","locations":[{"start":{"line":33,"column":37},"end":{"line":33,"column":41}},{"start":{"line":0,"column":0},"end":{"line":0,"column":0},"skip":true}]},"11":{"line":33,"type":"binary-expr","locations":[{"start":{"line":33,"column":37},"end":{"line":33,"column":37}},{"start":{"line":33,"column":37},"end":{"line":33,"column":37}}]},"12":{"line":34,"type":"if","locations":[{"start":{"line":34,"column":8},"end":{"line":34,"column":8}},{"start":{"line":34,"column":8},"end":{"line":34,"column":8}}]},"13":{"line":166,"type":"if","locations":[{"start":{"line":166,"column":8},"end":{"line":166,"column":8}},{"start":{"line":166,"column":8},"end":{"line":166,"column":8}}]}}},
"/Users/Mono/Work/private/beuth-hapi-restful-api/src/routes/main.routes.js":{"path":"/Users/Mono/Work/private/beuth-hapi-restful-api/src/routes/main.routes.js","s":{"17":1,"18":1,"32":1,"34":1,"36":1,"38":1,"39":1,"41":1},"f":{"8":1,"9":1,"10":1},"l":{"1":1,"2":1,"8":1,"13":1,"14":1,"23":1,"40":1,"57":1},"b":{},"statementMap":{"17":{"start":{"line":1,"column":0},"end":{"line":null,"column":null}},"18":{"start":{"line":2,"column":0},"end":{"line":null,"column":null}},"32":{"start":{"line":8,"column":0},"end":{"line":null,"column":null}},"34":{"start":{"line":13,"column":16},"end":{"line":null,"column":null}},"36":{"start":{"line":14,"column":10},"end":{"line":null,"column":null}},"38":{"start":{"line":23,"column":11},"end":{"line":null,"column":null}},"39":{"start":{"line":40,"column":11},"end":{"line":null,"column":null}},"41":{"start":{"line":57,"column":15},"end":{"line":null,"column":null}}},"fnMap":{"8":{"name":"MainRoutes","line":13,"loc":{"start":{"line":13,"column":16},"end":{"line":13,"column":16}}},"9":{"name":"healthcheck","line":22,"loc":{"start":{"line":22,"column":16},"end":{"line":22,"column":16}}},"10":{"name":"staticFiles","line":39,"loc":{"start":{"line":39,"column":16},"end":{"line":39,"column":16}}}},"branchMap":{}},
"/Users/Mono/Work/private/beuth-hapi-restful-api/src/routes/todo_lists.routes.js":{"path":"/Users/Mono/Work/private/beuth-hapi-restful-api/src/routes/todo_lists.routes.js","s":{"2":1,"3":1,"17":1,"19":1,"21":1,"22":1,"24":1},"f":{"5":1},"l":{"1":1,"2":1,"7":1,"12":1,"13":1,"14":1,"21":1},"b":{},"statementMap":{"2":{"start":{"line":1,"column":0},"end":{"line":null,"column":null}},"3":{"start":{"line":2,"column":0},"end":{"line":null,"column":null}},"17":{"start":{"line":7,"column":0},"end":{"line":null,"column":null}},"19":{"start":{"line":12,"column":16},"end":{"line":null,"column":null}},"21":{"start":{"line":13,"column":8},"end":{"line":null,"column":null}},"22":{"start":{"line":14,"column":10},"end":{"line":null,"column":null}},"24":{"start":{"line":21,"column":15},"end":{"line":null,"column":null}}},"fnMap":{"5":{"name":"TodoListsRoutes","line":12,"loc":{"start":{"line":12,"column":16},"end":{"line":12,"column":16}}}},"branchMap":{}},
"/Users/Mono/Work/private/beuth-hapi-restful-api/src/routes/todos.routes.js":{"path":"/Users/Mono/Work/private/beuth-hapi-restful-api/src/routes/todos.routes.js","s":{"2":1,"3":1,"17":1,"19":1,"21":1,"22":1,"24":1},"f":{"5":1},"l":{"1":1,"2":1,"8":1,"13":1,"14":1,"15":1,"22":1},"b":{},"statementMap":{"2":{"start":{"line":1,"column":0},"end":{"line":null,"column":null}},"3":{"start":{"line":2,"column":0},"end":{"line":null,"column":null}},"17":{"start":{"line":8,"column":0},"end":{"line":null,"column":null}},"19":{"start":{"line":13,"column":16},"end":{"line":null,"column":null}},"21":{"start":{"line":14,"column":8},"end":{"line":null,"column":null}},"22":{"start":{"line":15,"column":10},"end":{"line":null,"column":null}},"24":{"start":{"line":22,"column":15},"end":{"line":null,"column":null}}},"fnMap":{"5":{"name":"TodosRoutes","line":13,"loc":{"start":{"line":13,"column":16},"end":{"line":13,"column":16}}}},"branchMap":{}}}
