TN:
SF:/Users/Mono/Work/private/beuth-hapi-restful-api/src/controllers/base.controller.js
FN:20,BaseController
FN:35,replyOnResponse
FNF:2
FNH:2
FNDA:8,BaseController
FNDA:3,replyOnResponse
DA:1,1
DA:13,1
DA:20,8
DA:21,8
DA:22,8
DA:36,3
DA:37,2
DA:40,1
LF:8
LH:8
BRDA:20,8,0,3
BRDA:20,8,1,5
BRDA:20,9,0,8
BRDA:20,9,1,5
BRDA:36,10,0,2
BRDA:36,10,1,1
BRDA:36,11,0,3
BRDA:36,11,1,1
BRDA:36,11,2,2
BRF:9
BRH:9
end_of_record
TN:
SF:/Users/Mono/Work/private/beuth-hapi-restful-api/src/controllers/main.controller.js
FN:12,MainController
FN:19,healthcheck
FNF:2
FNH:2
FNDA:3,MainController
FNDA:1,healthcheck
DA:1,1
DA:7,1
DA:12,1
DA:13,3
DA:20,1
LF:5
LH:5
BRF:0
BRH:0
end_of_record
TN:
SF:/Users/Mono/Work/private/beuth-hapi-restful-api/src/models/Main.js
FN:12,Main
FN:21,doHealthcheck
FN:31,(anonymous_11)
FN:41,(anonymous_12)
FNF:4
FNH:4
FNDA:6,Main
FNDA:2,doHealthcheck
FNDA:1,(anonymous_11)
FNDA:1,(anonymous_12)
DA:1,1
DA:2,1
DA:7,1
DA:12,1
DA:13,6
DA:22,2
DA:23,2
DA:30,2
DA:33,1
DA:34,1
DA:39,1
DA:42,1
DA:47,1
DA:50,2
LF:14
LH:14
BRF:0
BRH:0
end_of_record
TN:
SF:/Users/Mono/Work/private/beuth-hapi-restful-api/src/models/BaseModel.RDMS.js
FN:38,BaseModelRDMS
FN:54,findAll
FN:67,findBy
FN:82,findById
FN:95,save
FN:120,update
FN:128,(anonymous_13)
FN:139,remove
FN:154,del
FN:163,now
FN:187,_setTimestamps
FNF:11
FNH:11
FNDA:24,BaseModelRDMS
FNDA:1,findAll
FNDA:3,findBy
FNDA:2,findById
FNDA:4,save
FNDA:2,update
FNDA:2,(anonymous_13)
FNDA:1,remove
FNDA:1,del
FNDA:2,now
FNDA:4,_setTimestamps
DA:1,1
DA:2,1
DA:28,1
DA:38,24
DA:39,24
DA:40,1
DA:43,23
DA:44,23
DA:45,23
DA:46,23
DA:55,1
DA:68,3
DA:69,1
DA:72,2
DA:83,2
DA:96,4
DA:97,3
DA:100,4
DA:102,4
DA:104,3
DA:107,1
DA:121,2
DA:122,1
DA:125,2
DA:128,2
DA:140,1
DA:155,1
DA:164,2
DA:165,1
DA:168,1
DA:187,4
DA:188,4
DA:189,4
DA:191,4
DA:192,3
DA:195,4
DA:196,4
LF:37
LH:37
BRDA:38,8,0,23
BRDA:38,8,1,1
BRDA:38,9,0,24
BRDA:38,9,1,1
BRDA:39,10,0,1
BRDA:39,10,1,23
BRDA:68,11,0,1
BRDA:68,11,1,2
BRDA:96,12,0,3
BRDA:96,12,1,1
BRDA:102,13,0,3
BRDA:102,13,1,1
BRDA:121,14,0,1
BRDA:121,14,1,1
BRDA:164,15,0,1
BRDA:164,15,1,1
BRDA:187,16,0,3
BRDA:187,16,1,1
BRDA:187,17,0,4
BRDA:187,17,1,1
BRDA:191,18,0,3
BRDA:191,18,1,1
BRF:22
BRH:22
end_of_record
TN:
SF:/Users/Mono/Work/private/beuth-hapi-restful-api/src/controllers/todo_lists.controller.js
FNF:0
FNH:0
DA:1,1
DA:2,1
DA:8,1
LF:3
LH:3
BRF:0
BRH:0
end_of_record
TN:
SF:/Users/Mono/Work/private/beuth-hapi-restful-api/src/models/ToDoList.js
FNF:0
FNH:0
DA:1,1
DA:2,1
DA:8,1
LF:3
LH:3
BRF:0
BRH:0
end_of_record
TN:
SF:/Users/Mono/Work/private/beuth-hapi-restful-api/src/models/ToDo.js
FNF:0
FNH:0
DA:1,1
DA:7,1
LF:2
LH:2
BRF:0
BRH:0
end_of_record
TN:
SF:/Users/Mono/Work/private/beuth-hapi-restful-api/src/controllers/todos.controller.js
FNF:0
FNH:0
DA:1,1
DA:2,1
DA:8,1
LF:3
LH:3
BRF:0
BRH:0
end_of_record
TN:
SF:/Users/Mono/Work/private/beuth-hapi-restful-api/src/routes/base.routes.js
FN:33,BaseRoutes
FN:48,index
FN:67,view
FN:91,create
FN:113,update
FN:139,remove
FN:165,_validateControllerHandler
FNF:7
FNH:7
FNDA:13,BaseRoutes
FNDA:2,index
FNDA:1,view
FNDA:1,create
FNDA:1,update
FNDA:1,remove
FNDA:6,_validateControllerHandler
DA:1,1
DA:23,1
DA:33,13
DA:34,13
DA:35,1
DA:38,12
DA:39,12
DA:40,12
DA:49,2
DA:51,1
DA:68,1
DA:70,1
DA:92,1
DA:94,1
DA:114,1
DA:116,1
DA:140,1
DA:142,1
DA:166,6
DA:167,1
LF:20
LH:20
BRDA:33,10,0,3
BRDA:33,10,1,10
BRDA:33,11,0,13
BRDA:33,11,1,10
BRDA:34,12,0,1
BRDA:34,12,1,12
BRDA:166,13,0,1
BRDA:166,13,1,5
BRF:8
BRH:8
end_of_record
TN:
SF:/Users/Mono/Work/private/beuth-hapi-restful-api/src/routes/main.routes.js
FN:13,MainRoutes
FN:22,healthcheck
FN:39,staticFiles
FNF:3
FNH:3
FNDA:1,MainRoutes
FNDA:1,healthcheck
FNDA:1,staticFiles
DA:1,1
DA:2,1
DA:8,1
DA:13,1
DA:14,1
DA:23,1
DA:40,1
DA:57,1
LF:8
LH:8
BRF:0
BRH:0
end_of_record
TN:
SF:/Users/Mono/Work/private/beuth-hapi-restful-api/src/routes/todo_lists.routes.js
FN:12,TodoListsRoutes
FNF:1
FNH:1
FNDA:1,TodoListsRoutes
DA:1,1
DA:2,1
DA:7,1
DA:12,1
DA:13,1
DA:14,1
DA:21,1
LF:7
LH:7
BRF:0
BRH:0
end_of_record
TN:
SF:/Users/Mono/Work/private/beuth-hapi-restful-api/src/routes/todos.routes.js
FN:13,TodosRoutes
FNF:1
FNH:1
FNDA:1,TodosRoutes
DA:1,1
DA:2,1
DA:8,1
DA:13,1
DA:14,1
DA:15,1
DA:22,1
LF:7
LH:7
BRF:0
BRH:0
end_of_record
